Build started 10/24/2017 7:24:42 PM.
     1>Project "C:\Users\Stephanie\Documents\School\ECE 574a\Red-Panda-COCAINE\474_assignment_2\rgalhotra_samarcellin_ttran23_build\src\dpgen.vcxproj" on node 2 (Build target(s)).
     1>ClCompile:
         C:\Program Files (x86)\Microsoft Visual Studio 11.0\VC\bin\x86_amd64\CL.exe /c /Zi /nologo /W4 /WX- /Od /Ob0 /D _CRT_SECURE_NO_DEPRECATE /D _CRT_NONSTDC_NO_DEPRECATE /D "CMAKE_INTDIR=\"Debug\"" /D _MBCS /Gm- /RTC1 /MDd /GS /fp:precise /Zc:wchar_t /Zc:forScope /Fo"dpgen.dir\Debug\\" /Fd"dpgen.dir\Debug\vc110.pdb" /Gd /TP /errorReport:prompt "C:\Users\Stephanie\Documents\School\ECE 574a\Red-Panda-COCAINE\474_assignment_2\rgalhotra_samarcellin_ttran23\src\main.cpp"
         main.cpp
     1>C:\Program Files (x86)\Microsoft Visual Studio 11.0\VC\include\xlocale(336): warning C4530: C++ exception handler used, but unwind semantics are not enabled. Specify /EHsc
     1>C:\Users\Stephanie\Documents\School\ECE 574a\Red-Panda-COCAINE\474_assignment_2\rgalhotra_samarcellin_ttran23\src\main.cpp(33): warning C4305: 'initializing' : truncation from 'double' to 'const float'
     1>C:\Users\Stephanie\Documents\School\ECE 574a\Red-Panda-COCAINE\474_assignment_2\rgalhotra_samarcellin_ttran23\src\main.cpp(34): warning C4305: 'initializing' : truncation from 'double' to 'const float'
     1>C:\Users\Stephanie\Documents\School\ECE 574a\Red-Panda-COCAINE\474_assignment_2\rgalhotra_samarcellin_ttran23\src\main.cpp(35): warning C4305: 'initializing' : truncation from 'double' to 'const float'
     1>C:\Users\Stephanie\Documents\School\ECE 574a\Red-Panda-COCAINE\474_assignment_2\rgalhotra_samarcellin_ttran23\src\main.cpp(36): warning C4305: 'initializing' : truncation from 'double' to 'const float'
     1>C:\Users\Stephanie\Documents\School\ECE 574a\Red-Panda-COCAINE\474_assignment_2\rgalhotra_samarcellin_ttran23\src\main.cpp(37): warning C4305: 'initializing' : truncation from 'double' to 'const float'
     1>C:\Users\Stephanie\Documents\School\ECE 574a\Red-Panda-COCAINE\474_assignment_2\rgalhotra_samarcellin_ttran23\src\main.cpp(38): warning C4305: 'initializing' : truncation from 'double' to 'const float'
     1>C:\Users\Stephanie\Documents\School\ECE 574a\Red-Panda-COCAINE\474_assignment_2\rgalhotra_samarcellin_ttran23\src\main.cpp(39): warning C4305: 'initializing' : truncation from 'double' to 'const float'
     1>C:\Users\Stephanie\Documents\School\ECE 574a\Red-Panda-COCAINE\474_assignment_2\rgalhotra_samarcellin_ttran23\src\main.cpp(40): warning C4305: 'initializing' : truncation from 'double' to 'const float'
     1>C:\Users\Stephanie\Documents\School\ECE 574a\Red-Panda-COCAINE\474_assignment_2\rgalhotra_samarcellin_ttran23\src\main.cpp(41): warning C4305: 'initializing' : truncation from 'double' to 'const float'
     1>C:\Users\Stephanie\Documents\School\ECE 574a\Red-Panda-COCAINE\474_assignment_2\rgalhotra_samarcellin_ttran23\src\main.cpp(42): warning C4305: 'initializing' : truncation from 'double' to 'const float'
     1>C:\Users\Stephanie\Documents\School\ECE 574a\Red-Panda-COCAINE\474_assignment_2\rgalhotra_samarcellin_ttran23\src\main.cpp(43): warning C4305: 'initializing' : truncation from 'double' to 'const float'
     1>C:\Users\Stephanie\Documents\School\ECE 574a\Red-Panda-COCAINE\474_assignment_2\rgalhotra_samarcellin_ttran23\src\main.cpp(44): warning C4305: 'initializing' : truncation from 'double' to 'const float'
     1>C:\Users\Stephanie\Documents\School\ECE 574a\Red-Panda-COCAINE\474_assignment_2\rgalhotra_samarcellin_ttran23\src\main.cpp(115): warning C4244: '=' : conversion from 'double' to 'int', possible loss of data
     1>C:\Users\Stephanie\Documents\School\ECE 574a\Red-Panda-COCAINE\474_assignment_2\rgalhotra_samarcellin_ttran23\src\main.cpp(137): warning C4244: '=' : conversion from 'double' to 'int', possible loss of data
     1>C:\Users\Stephanie\Documents\School\ECE 574a\Red-Panda-COCAINE\474_assignment_2\rgalhotra_samarcellin_ttran23\src\main.cpp(161): warning C4244: '=' : conversion from 'double' to 'int', possible loss of data
     1>C:\Users\Stephanie\Documents\School\ECE 574a\Red-Panda-COCAINE\474_assignment_2\rgalhotra_samarcellin_ttran23\src\main.cpp(38): warning C4189: 'MuxDelays' : local variable is initialized but not referenced
     1>C:\Users\Stephanie\Documents\School\ECE 574a\Red-Panda-COCAINE\474_assignment_2\rgalhotra_samarcellin_ttran23\src\main.cpp(28): warning C4101: 'name' : unreferenced local variable
     1>c:\users\stephanie\documents\school\ece 574a\red-panda-cocaine\474_assignment_2\rgalhotra_samarcellin_ttran23\src\main.cpp(161): warning C4701: potentially uninitialized local variable 'critTemp' used
       Link:
         C:\Program Files (x86)\Microsoft Visual Studio 11.0\VC\bin\x86_amd64\link.exe /ERRORREPORT:PROMPT /OUT:"C:\Users\Stephanie\Documents\School\ECE 574a\Red-Panda-COCAINE\474_assignment_2\rgalhotra_samarcellin_ttran23_build\src\Debug\dpgen.exe" /INCREMENTAL /NOLOGO kernel32.lib user32.lib gdi32.lib winspool.lib shell32.lib ole32.lib oleaut32.lib uuid.lib comdlg32.lib advapi32.lib /MANIFEST /MANIFESTUAC:"level='asInvoker' uiAccess='false'" /manifest:embed /DEBUG /PDB:"C:/Users/Stephanie/Documents/School/ECE 574a/Red-Panda-COCAINE/474_assignment_2/rgalhotra_samarcellin_ttran23_build/src/Debug/dpgen.pdb" /SUBSYSTEM:CONSOLE /TLBID:1 /DYNAMICBASE /NXCOMPAT /IMPLIB:"C:/Users/Stephanie/Documents/School/ECE 574a/Red-Panda-COCAINE/474_assignment_2/rgalhotra_samarcellin_ttran23_build/src/Debug/dpgen.lib" /MACHINE:X64  /machine:x64 dpgen.dir\Debug\main.obj
         dpgen.dir\Debug\nodes.obj
         dpgen.dir\Debug\verilogOutput.obj
         dpgen.vcxproj -> C:\Users\Stephanie\Documents\School\ECE 574a\Red-Panda-COCAINE\474_assignment_2\rgalhotra_samarcellin_ttran23_build\src\Debug\dpgen.exe
     1>Done Building Project "C:\Users\Stephanie\Documents\School\ECE 574a\Red-Panda-COCAINE\474_assignment_2\rgalhotra_samarcellin_ttran23_build\src\dpgen.vcxproj" (Build target(s)).

Build succeeded.

Time Elapsed 00:00:00.97
